-------------------------------------------------------------------------------
Test set: Libra.SpringBoot.FullStackProject.LibraWebsite.Backoffice.Config.MathUtilsTest
-------------------------------------------------------------------------------
Tests run: 1, Failures: 0, Errors: 1, Skipped: 0, Time elapsed: 0.001 s <<< FAILURE! - in Libra.SpringBoot.FullStackProject.LibraWebsite.Backoffice.Config.MathUtilsTest
test  Time elapsed: 0.001 s  <<< ERROR!
java.lang.NullPointerException
	at Libra.SpringBoot.FullStackProject.LibraWebsite.Backoffice.Config.MathUtilsTest.test(MathUtilsTest.java:20)

